<?xml version="1.0" encoding="UTF-8"?>
<!-- Generated by org.testng.reporters.JUnitReportReporter -->
<testsuite skipped="0" hostname="DESKTOP-1LS4O0S" name="com.romanceabroad.ui.TourTests" tests="2" failures="0" timestamp="12 Dec 2019 18:12:43 GMT" time="31.112" errors="0">
  <testcase name="tourToUkraine" time="15.883" classname="com.romanceabroad.ui.TourTests"/>
  <testcase name="tourToUkraine" time="15.229" classname="com.romanceabroad.ui.TourTests"/>
</testsuite> <!-- com.romanceabroad.ui.TourTests -->
