<?xml version="1.0" encoding="UTF-8"?>
<!-- Generated by org.testng.reporters.JUnitReportReporter -->
<testsuite skipped="0" hostname="DESKTOP-1LS4O0S" name="com.romanceabroad.ui.HowWeWorkTests" tests="2" failures="0" timestamp="2019-12-15T08:05:08 PST" time="65.667" errors="0">
  <testcase name="topLeftNavigationMenu" time="51.474" classname="com.romanceabroad.ui.HowWeWorkTests"/>
  <testcase name="view" time="14.193" classname="com.romanceabroad.ui.HowWeWorkTests"/>
</testsuite> <!-- com.romanceabroad.ui.HowWeWorkTests -->
