<?xml version="1.0" encoding="UTF-8"?>
<!-- Generated by org.testng.reporters.JUnitReportReporter -->
<testsuite skipped="0" hostname="DESKTOP-1LS4O0S" name="com.romanceabroad.ui.FooterTests" tests="1" failures="0" timestamp="2019-12-15T08:05:08 PST" time="27.644" errors="0">
  <testcase name="footerLinks" time="27.644" classname="com.romanceabroad.ui.FooterTests"/>
</testsuite> <!-- com.romanceabroad.ui.FooterTests -->
