<?xml version="1.0" encoding="UTF-8"?>
<!-- Generated by org.testng.reporters.JUnitReportReporter -->
<testsuite skipped="0" hostname="DESKTOP-1LS4O0S" name="com.romanceabroad.ui.BlogTests" tests="3" failures="0" timestamp="2019-12-15T08:05:08 PST" time="299.677" errors="0">
  <testcase name="blogInfoContent" time="194.656" classname="com.romanceabroad.ui.BlogTests"/>
  <testcase name="infoMenu" time="78.275" classname="com.romanceabroad.ui.BlogTests"/>
  <testcase name="backButton" time="26.746" classname="com.romanceabroad.ui.BlogTests"/>
</testsuite> <!-- com.romanceabroad.ui.BlogTests -->
