<?xml version="1.0" encoding="UTF-8"?>
<!-- Generated by org.testng.reporters.JUnitReportReporter -->
<testsuite skipped="0" hostname="DESKTOP-1LS4O0S" name="com.romanceabroad.ui.GiftsTests" tests="1" failures="0" timestamp="2019-12-15T08:05:08 PST" time="15.747" errors="0">
  <testcase name="gifts" time="15.747" classname="com.romanceabroad.ui.GiftsTests"/>
</testsuite> <!-- com.romanceabroad.ui.GiftsTests -->
