<?xml version="1.0" encoding="UTF-8"?>
<!-- Generated by org.testng.reporters.JUnitReportReporter -->
<testsuite skipped="0" hostname="DESKTOP-1LS4O0S" name="com.romanceabroad.ui.TourTests" tests="2" failures="0" timestamp="2019-12-13T10:41:03 PST" time="40.232" errors="0">
  <testcase name="tourToUkraine" time="21.937" classname="com.romanceabroad.ui.TourTests"/>
  <testcase name="tourToUkraine" time="18.295" classname="com.romanceabroad.ui.TourTests"/>
</testsuite> <!-- com.romanceabroad.ui.TourTests -->
