<?xml version="1.0" encoding="UTF-8"?>
<!-- Generated by org.testng.reporters.JUnitReportReporter -->
<testsuite skipped="0" hostname="DESKTOP-1LS4O0S" name="com.romanceabroad.ui.TourTests" tests="2" failures="0" timestamp="12 Dec 2019 18:11:29 GMT" time="35.114" errors="0">
  <testcase name="tourToUkraine" time="16.975" classname="com.romanceabroad.ui.TourTests"/>
  <testcase name="tourToUkraine" time="18.139" classname="com.romanceabroad.ui.TourTests"/>
</testsuite> <!-- com.romanceabroad.ui.TourTests -->
