<?xml version="1.0" encoding="UTF-8"?>
<!-- Generated by org.testng.reporters.JUnitReportReporter -->
<testsuite skipped="0" hostname="DESKTOP-1LS4O0S" name="com.romanceabroad.ui.TourTests" tests="1" failures="0" timestamp="2019-12-12T19:35:06 PST" time="18.149" errors="0">
  <testcase name="tourToUkraine" time="18.149" classname="com.romanceabroad.ui.TourTests"/>
</testsuite> <!-- com.romanceabroad.ui.TourTests -->
