<?xml version="1.0" encoding="UTF-8"?>
<!-- Generated by org.testng.reporters.JUnitReportReporter -->
<testsuite skipped="0" hostname="DESKTOP-1LS4O0S" name="com.romanceabroad.ui.ContactUsTests" tests="1" failures="0" timestamp="2020-01-10T11:52:24 PST" time="35.230" errors="0">
  <testcase name="contactAdministrator" time="35.230" classname="com.romanceabroad.ui.ContactUsTests"/>
</testsuite> <!-- com.romanceabroad.ui.ContactUsTests -->
