<?xml version="1.0" encoding="UTF-8"?>
<!-- Generated by org.testng.reporters.JUnitReportReporter -->
<testsuite skipped="0" hostname="DESKTOP-1LS4O0S" name="com.romanceabroad.ui.RegistrationTests" tests="24" failures="0" timestamp="2019-12-13T19:02:27 PST" time="407.986" errors="0">
  <testcase name="signInLinkNegativeEmail" time="20.490" classname="com.romanceabroad.ui.RegistrationTests"/>
  <testcase name="joinForFreeNowButton1" time="20.932" classname="com.romanceabroad.ui.RegistrationTests"/>
  <testcase name="joinForFreeButton3NegativeTestsEmail" time="11.390" classname="com.romanceabroad.ui.RegistrationTests"/>
  <testcase name="joinForFreeNowButton1" time="14.043" classname="com.romanceabroad.ui.RegistrationTests"/>
  <testcase name="joinForFreeNowButton2" time="21.830" classname="com.romanceabroad.ui.RegistrationTests"/>
  <testcase name="joinForFreeNowButton2" time="25.819" classname="com.romanceabroad.ui.RegistrationTests"/>
  <testcase name="signInLink" time="17.813" classname="com.romanceabroad.ui.RegistrationTests"/>
  <testcase name="signInLink" time="17.710" classname="com.romanceabroad.ui.RegistrationTests"/>
  <testcase name="signInLinkNegativePassword" time="16.560" classname="com.romanceabroad.ui.RegistrationTests"/>
  <testcase name="signInLinkNegativePassword" time="16.991" classname="com.romanceabroad.ui.RegistrationTests"/>
  <testcase name="joinForFreeButton3NegativeTestsPassword" time="11.352" classname="com.romanceabroad.ui.RegistrationTests"/>
  <testcase name="signInLinkNegativePassword" time="16.837" classname="com.romanceabroad.ui.RegistrationTests"/>
  <testcase name="signInLinkNegativePassword" time="16.389" classname="com.romanceabroad.ui.RegistrationTests"/>
  <testcase name="joinForFreeNowButton1" time="21.134" classname="com.romanceabroad.ui.RegistrationTests"/>
  <testcase name="joinForFreeButton3NegativeTestsPassword" time="11.441" classname="com.romanceabroad.ui.RegistrationTests"/>
  <testcase name="joinForFreeButton3NegativeTestsPassword" time="11.363" classname="com.romanceabroad.ui.RegistrationTests"/>
  <testcase name="joinForFreeNowButton2" time="21.212" classname="com.romanceabroad.ui.RegistrationTests"/>
  <testcase name="joinForFreeNowButton2" time="23.410" classname="com.romanceabroad.ui.RegistrationTests"/>
  <testcase name="signInLinkNegativePassword" time="17.154" classname="com.romanceabroad.ui.RegistrationTests"/>
  <testcase name="signInLinkNegativePassword" time="16.841" classname="com.romanceabroad.ui.RegistrationTests"/>
  <testcase name="joinForFreeNowButton2" time="20.943" classname="com.romanceabroad.ui.RegistrationTests"/>
  <testcase name="joinForFreeButton3NegativeTestsPassword" time="13.992" classname="com.romanceabroad.ui.RegistrationTests"/>
  <testcase name="joinForFreeButton3NegativeTestsPassword" time="11.108" classname="com.romanceabroad.ui.RegistrationTests"/>
  <testcase name="joinForFreeButton3NegativeTestsPassword" time="11.232" classname="com.romanceabroad.ui.RegistrationTests"/>
</testsuite> <!-- com.romanceabroad.ui.RegistrationTests -->
