<?xml version="1.0" encoding="UTF-8"?>
<!-- Generated by org.testng.reporters.JUnitReportReporter -->
<testsuite skipped="0" hostname="DESKTOP-1LS4O0S" name="com.romanceabroad.ui.TourTests" tests="2" failures="0" timestamp="12 Dec 2019 18:11:06 GMT" time="34.638" errors="0">
  <testcase name="tourToUkraine" time="16.106" classname="com.romanceabroad.ui.TourTests"/>
  <testcase name="tourToUkraine" time="18.532" classname="com.romanceabroad.ui.TourTests"/>
</testsuite> <!-- com.romanceabroad.ui.TourTests -->
