<?xml version="1.0" encoding="UTF-8"?>
<!-- Generated by org.testng.reporters.JUnitReportReporter -->
<testsuite skipped="0" hostname="DESKTOP-1LS4O0S" name="com.romanceabroad.ui.GiftsTests" tests="2" failures="0" timestamp="12 Dec 2019 18:00:59 GMT" time="40.174" errors="0">
  <testcase name="gifts" time="20.052" classname="com.romanceabroad.ui.GiftsTests"/>
  <testcase name="gifts" time="20.122" classname="com.romanceabroad.ui.GiftsTests"/>
</testsuite> <!-- com.romanceabroad.ui.GiftsTests -->
