<?xml version="1.0" encoding="UTF-8"?>
<!-- Generated by org.testng.reporters.JUnitReportReporter -->
<testsuite skipped="0" hostname="DESKTOP-1LS4O0S" name="com.romanceabroad.ui.ContactUsTests" tests="2" failures="0" timestamp="12 Dec 2019 17:46:14 GMT" time="50.037" errors="0">
  <testcase name="contactAdministrator" time="28.304" classname="com.romanceabroad.ui.ContactUsTests"/>
  <testcase name="contactAdministrator" time="21.733" classname="com.romanceabroad.ui.ContactUsTests"/>
</testsuite> <!-- com.romanceabroad.ui.ContactUsTests -->
