<?xml version="1.0" encoding="UTF-8"?>
<!-- Generated by org.testng.reporters.JUnitReportReporter -->
<testsuite skipped="0" hostname="DESKTOP-1LS4O0S" name="com.romanceabroad.ui.GiftsTests" tests="2" failures="0" timestamp="12 Dec 2019 17:46:14 GMT" time="39.193" errors="0">
  <testcase name="gifts" time="22.256" classname="com.romanceabroad.ui.GiftsTests"/>
  <testcase name="gifts" time="16.937" classname="com.romanceabroad.ui.GiftsTests"/>
</testsuite> <!-- com.romanceabroad.ui.GiftsTests -->
