<?xml version="1.0" encoding="UTF-8"?>
<!-- Generated by org.testng.reporters.JUnitReportReporter -->
<testsuite skipped="0" hostname="DESKTOP-1LS4O0S" name="com.romanceabroad.ui.TourTests" tests="2" failures="0" timestamp="12 Dec 2019 18:25:23 GMT" time="39.536" errors="0">
  <testcase name="tourToUkraine" time="20.197" classname="com.romanceabroad.ui.TourTests"/>
  <testcase name="tourToUkraine" time="19.339" classname="com.romanceabroad.ui.TourTests"/>
</testsuite> <!-- com.romanceabroad.ui.TourTests -->
