<?xml version="1.0" encoding="UTF-8"?>
<!-- Generated by org.testng.reporters.JUnitReportReporter -->
<testsuite skipped="0" hostname="DESKTOP-1LS4O0S" name="com.romanceabroad.ui.RegistrationTests" tests="24" failures="0" timestamp="2019-12-14T07:48:37 PST" time="420.654" errors="0">
  <testcase name="signInLinkNegativeEmail" time="15.828" classname="com.romanceabroad.ui.RegistrationTests"/>
  <testcase name="joinForFreeNowButton1" time="17.858" classname="com.romanceabroad.ui.RegistrationTests"/>
  <testcase name="joinForFreeButton3NegativeTestsEmail" time="9.830" classname="com.romanceabroad.ui.RegistrationTests"/>
  <testcase name="joinForFreeNowButton1" time="13.396" classname="com.romanceabroad.ui.RegistrationTests"/>
  <testcase name="joinForFreeNowButton2" time="17.655" classname="com.romanceabroad.ui.RegistrationTests"/>
  <testcase name="joinForFreeNowButton2" time="19.369" classname="com.romanceabroad.ui.RegistrationTests"/>
  <testcase name="signInLink" time="15.025" classname="com.romanceabroad.ui.RegistrationTests"/>
  <testcase name="signInLink" time="15.708" classname="com.romanceabroad.ui.RegistrationTests"/>
  <testcase name="signInLinkNegativePassword" time="15.405" classname="com.romanceabroad.ui.RegistrationTests"/>
  <testcase name="signInLinkNegativePassword" time="15.521" classname="com.romanceabroad.ui.RegistrationTests"/>
  <testcase name="joinForFreeButton3NegativeTestsPassword" time="34.035" classname="com.romanceabroad.ui.RegistrationTests"/>
  <testcase name="signInLinkNegativePassword" time="14.707" classname="com.romanceabroad.ui.RegistrationTests"/>
  <testcase name="signInLinkNegativePassword" time="14.849" classname="com.romanceabroad.ui.RegistrationTests"/>
  <testcase name="joinForFreeNowButton1" time="17.955" classname="com.romanceabroad.ui.RegistrationTests"/>
  <testcase name="joinForFreeButton3NegativeTestsPassword" time="9.399" classname="com.romanceabroad.ui.RegistrationTests"/>
  <testcase name="joinForFreeButton3NegativeTestsPassword" time="9.852" classname="com.romanceabroad.ui.RegistrationTests"/>
  <testcase name="joinForFreeNowButton2" time="16.939" classname="com.romanceabroad.ui.RegistrationTests"/>
  <testcase name="joinForFreeNowButton2" time="16.930" classname="com.romanceabroad.ui.RegistrationTests"/>
  <testcase name="signInLinkNegativePassword" time="69.855" classname="com.romanceabroad.ui.RegistrationTests"/>
  <testcase name="signInLinkNegativePassword" time="14.976" classname="com.romanceabroad.ui.RegistrationTests"/>
  <testcase name="joinForFreeNowButton2" time="17.419" classname="com.romanceabroad.ui.RegistrationTests"/>
  <testcase name="joinForFreeButton3NegativeTestsPassword" time="9.489" classname="com.romanceabroad.ui.RegistrationTests"/>
  <testcase name="joinForFreeButton3NegativeTestsPassword" time="9.136" classname="com.romanceabroad.ui.RegistrationTests"/>
  <testcase name="joinForFreeButton3NegativeTestsPassword" time="9.518" classname="com.romanceabroad.ui.RegistrationTests"/>
</testsuite> <!-- com.romanceabroad.ui.RegistrationTests -->
