<?xml version="1.0" encoding="UTF-8"?>
<!-- Generated by org.testng.reporters.JUnitReportReporter -->
<testsuite skipped="0" hostname="DESKTOP-1LS4O0S" name="com.romanceabroad.ui.GiftsTests" tests="1" failures="0" timestamp="2020-01-10T12:36:55 PST" time="18.733" errors="0">
  <testcase name="gifts" time="18.733" classname="com.romanceabroad.ui.GiftsTests"/>
</testsuite> <!-- com.romanceabroad.ui.GiftsTests -->
