<?xml version="1.0" encoding="UTF-8"?>
<!-- Generated by org.testng.reporters.JUnitReportReporter -->
<testsuite skipped="0" hostname="DESKTOP-1LS4O0S" name="com.romanceabroad.ui.ContactUsTests" tests="1" failures="0" timestamp="2020-01-10T12:36:55 PST" time="25.751" errors="0">
  <testcase name="contactAdministrator" time="25.751" classname="com.romanceabroad.ui.ContactUsTests"/>
</testsuite> <!-- com.romanceabroad.ui.ContactUsTests -->
