<?xml version="1.0" encoding="UTF-8"?>
<!-- Generated by org.testng.reporters.JUnitReportReporter -->
<testsuite skipped="0" hostname="DESKTOP-1LS4O0S" name="com.romanceabroad.ui.TourTests" tests="2" failures="0" timestamp="12 Dec 2019 18:27:10 GMT" time="31.554" errors="0">
  <testcase name="tourToUkraine" time="16.165" classname="com.romanceabroad.ui.TourTests"/>
  <testcase name="tourToUkraine" time="15.389" classname="com.romanceabroad.ui.TourTests"/>
</testsuite> <!-- com.romanceabroad.ui.TourTests -->
