<?xml version="1.0" encoding="UTF-8"?>
<!-- Generated by org.testng.reporters.JUnitReportReporter -->
<testsuite skipped="0" hostname="DESKTOP-1LS4O0S" name="com.romanceabroad.ui.GiftsTests" tests="2" failures="0" timestamp="12 Dec 2019 17:58:35 GMT" time="37.722" errors="0">
  <testcase name="gifts" time="19.307" classname="com.romanceabroad.ui.GiftsTests"/>
  <testcase name="gifts" time="18.415" classname="com.romanceabroad.ui.GiftsTests"/>
</testsuite> <!-- com.romanceabroad.ui.GiftsTests -->
