<?xml version="1.0" encoding="UTF-8"?>
<!-- Generated by org.testng.reporters.JUnitReportReporter -->
<testsuite skipped="0" hostname="DESKTOP-1LS4O0S" name="com.romanceabroad.ui.TourTests" tests="2" failures="0" timestamp="12 Dec 2019 17:58:35 GMT" time="40.527" errors="0">
  <testcase name="tourToUkraine" time="18.785" classname="com.romanceabroad.ui.TourTests"/>
  <testcase name="tourToUkraine" time="21.742" classname="com.romanceabroad.ui.TourTests"/>
</testsuite> <!-- com.romanceabroad.ui.TourTests -->
